Using pre-set license
Built from '2020.3/staging' branch; Version is '2020.3.8f1 (507919d4fff5) revision 5273881'; Using compiler version '192528614'; Build Type 'Release'
OS: 'Windows 10 Home; OS build 19042.1165; Version 2009; 64bit' Language: 'en' Physical Memory: 16105 MB
BatchMode: 1, IsHumanControllingUs: 0, StartBugReporterOnCrash: 0, Is64bit: 1, IsPro: 0

 COMMAND LINE ARGUMENTS:
C:\Program Files\Unity\Hub\Editor\2020.3.8f1\Editor\Unity.exe
-adb2
-batchMode
-noUpm
-name
AssetImportWorker0
-projectPath
C:/Users/Aaron/Unity/Unity3d-Dojo-Demo
-logFile
Logs/AssetImportWorker0.log
-srvPort
57606
Successfully changed project path to: C:/Users/Aaron/Unity/Unity3d-Dojo-Demo
C:/Users/Aaron/Unity/Unity3d-Dojo-Demo
Using Asset Import Pipeline V2.
Refreshing native plugins compatible for Editor in 70.24 ms, found 0 plugins.
Preloading 0 native plugins for Editor in 0.00 ms.
Initialize engine version: 2020.3.8f1 (507919d4fff5)
[Subsystems] Discovering subsystems at path C:/Program Files/Unity/Hub/Editor/2020.3.8f1/Editor/Data/Resources/UnitySubsystems
[Subsystems] Discovering subsystems at path C:/Users/Aaron/Unity/Unity3d-Dojo-Demo/Assets
GfxDevice: creating device client; threaded=0
Direct3D:
    Version:  Direct3D 11.0 [level 11.1]
    Renderer: NVIDIA GeForce MX250 (ID=0x1d13)
    Vendor:   
    VRAM:     1983 MB
    Driver:   27.21.14.6280
Shader 'Universal Render Pipeline/Particles/Lit': fallback shader 'Universal Render Pipeline/Particles/SimpleLit' not found
Initialize mono
Mono path[0] = 'C:/Program Files/Unity/Hub/Editor/2020.3.8f1/Editor/Data/Managed'
Mono path[1] = 'C:/Program Files/Unity/Hub/Editor/2020.3.8f1/Editor/Data/MonoBleedingEdge/lib/mono/unityjit'
Mono config path = 'C:/Program Files/Unity/Hub/Editor/2020.3.8f1/Editor/Data/MonoBleedingEdge/etc'
Using monoOptions --debugger-agent=transport=dt_socket,embedding=1,server=y,suspend=n,address=127.0.0.1:56664
Begin MonoManager ReloadAssembly
Registering precompiled unity dll's ...
Register platform support module: C:/Program Files/Unity/Hub/Editor/2020.3.8f1/Editor/Data/PlaybackEngines/WebGLSupport/UnityEditor.WebGL.Extensions.dll
Register platform support module: C:/Program Files/Unity/Hub/Editor/2020.3.8f1/Editor/Data/PlaybackEngines/WindowsStandaloneSupport/UnityEditor.WindowsStandalone.Extensions.dll
Registered in 0.002116 seconds.
Native extension for WindowsStandalone target not found
Native extension for WebGL target not found
Refreshing native plugins compatible for Editor in 58.48 ms, found 0 plugins.
Preloading 0 native plugins for Editor in 0.00 ms.
Mono: successfully reloaded assembly
- Completed reload, in  3.228 seconds
Platform modules already initialized, skipping
Registering precompiled user dll's ...
Registered in 0.003109 seconds.
Begin MonoManager ReloadAssembly
Native extension for WindowsStandalone target not found
Native extension for WebGL target not found
Refreshing native plugins compatible for Editor in 58.10 ms, found 0 plugins.
Preloading 0 native plugins for Editor in 0.00 ms.
Mono: successfully reloaded assembly
- Completed reload, in  1.782 seconds
Platform modules already initialized, skipping
========================================================================
Worker process is ready to serve import requests
Shader 'Universal Render Pipeline/Particles/Lit': fallback shader 'Universal Render Pipeline/Particles/SimpleLit' not found
Launched and connected shader compiler UnityShaderCompiler.exe after 0.04 seconds
Refreshing native plugins compatible for Editor in 0.59 ms, found 0 plugins.
Preloading 0 native plugins for Editor in 0.00 ms.
Unloading 2981 Unused Serialized files (Serialized files now loaded: 0)
System memory in use before: 141.0 MB.
System memory in use after: 140.5 MB.

Unloading 31 unused Assets to reduce memory usage. Loaded Objects now: 3411.
Total: 2.827700 ms (FindLiveObjects: 0.262900 ms CreateObjectMapping: 0.145600 ms MarkObjects: 2.083800 ms  DeleteObjects: 0.334600 ms)

========================================================================
Received Import Request.
  path: Assets/TestScripts/PlayModeTests/PlayerInputTests.cs
  artifactKey: Guid(daaffe29b5385d54eae7978dc1318a02) Importer(815301076,1909f56bfc062723c751e8b465ee728b)
Start importing Assets/TestScripts/PlayModeTests/PlayerInputTests.cs using Guid(daaffe29b5385d54eae7978dc1318a02) Importer(815301076,1909f56bfc062723c751e8b465ee728b)  -> (artifact id: '2c53e60fd1561423cff2f6bc4fbe14c2') in 0.072540 seconds
  Import took 0.078071 seconds .

========================================================================
Received Import Request.
  Time since last request: 0.000331 seconds.
  path: Assets/TestScripts/PlayModeTests/PlayModeTests.asmdef
  artifactKey: Guid(dd880b54ee2ed214f98ff3689f554211) Importer(815301076,1909f56bfc062723c751e8b465ee728b)
Start importing Assets/TestScripts/PlayModeTests/PlayModeTests.asmdef using Guid(dd880b54ee2ed214f98ff3689f554211) Importer(815301076,1909f56bfc062723c751e8b465ee728b)  -> (artifact id: '5868ced0a0b8335950b0ce59aaa03b05') in 0.010553 seconds
  Import took 0.016500 seconds .

========================================================================
Received Import Request.
  Time since last request: 73.648816 seconds.
  path: Assets/TestScripts/EditModeTests/PlayerTest.cs
  artifactKey: Guid(840cd92f35d3da846b0fcac65ab88861) Importer(815301076,1909f56bfc062723c751e8b465ee728b)
Start importing Assets/TestScripts/EditModeTests/PlayerTest.cs using Guid(840cd92f35d3da846b0fcac65ab88861) Importer(815301076,1909f56bfc062723c751e8b465ee728b)  -> (artifact id: 'a858d813c09e8938b470e0097548ffd2') in 0.006697 seconds
  Import took 0.015239 seconds .

========================================================================
Received Prepare
Registering precompiled user dll's ...
Registered in 0.002113 seconds.
Begin MonoManager ReloadAssembly
Native extension for WindowsStandalone target not found
Native extension for WebGL target not found
Refreshing native plugins compatible for Editor in 0.64 ms, found 0 plugins.
Preloading 0 native plugins for Editor in 0.00 ms.
Mono: successfully reloaded assembly
- Completed reload, in  1.597 seconds
Platform modules already initialized, skipping
Shader 'Universal Render Pipeline/Particles/Lit': fallback shader 'Universal Render Pipeline/Particles/SimpleLit' not found
Refreshing native plugins compatible for Editor in 0.60 ms, found 0 plugins.
Preloading 0 native plugins for Editor in 0.00 ms.
Unloading 2860 Unused Serialized files (Serialized files now loaded: 0)
System memory in use before: 132.8 MB.
System memory in use after: 132.3 MB.

Unloading 26 unused Assets to reduce memory usage. Loaded Objects now: 3414.
Total: 3.352100 ms (FindLiveObjects: 0.334300 ms CreateObjectMapping: 0.179600 ms MarkObjects: 2.443900 ms  DeleteObjects: 0.390300 ms)

========================================================================
Received Prepare
Registering precompiled user dll's ...
Registered in 0.002222 seconds.
Begin MonoManager ReloadAssembly
Native extension for WindowsStandalone target not found
Native extension for WebGL target not found
Refreshing native plugins compatible for Editor in 0.60 ms, found 0 plugins.
Preloading 0 native plugins for Editor in 0.00 ms.
Mono: successfully reloaded assembly
- Completed reload, in  1.381 seconds
Platform modules already initialized, skipping
Shader 'Universal Render Pipeline/Particles/Lit': fallback shader 'Universal Render Pipeline/Particles/SimpleLit' not found
Refreshing native plugins compatible for Editor in 0.54 ms, found 0 plugins.
Preloading 0 native plugins for Editor in 0.00 ms.
Unloading 2860 Unused Serialized files (Serialized files now loaded: 0)
System memory in use before: 132.8 MB.
System memory in use after: 132.4 MB.

Unloading 26 unused Assets to reduce memory usage. Loaded Objects now: 3416.
Total: 2.947300 ms (FindLiveObjects: 0.274800 ms CreateObjectMapping: 0.144000 ms MarkObjects: 2.186400 ms  DeleteObjects: 0.340800 ms)

========================================================================
Received Import Request.
  Time since last request: 211.571091 seconds.
  path: Assets/TestScripts/EditModeTests/PlayerTest.cs
  artifactKey: Guid(840cd92f35d3da846b0fcac65ab88861) Importer(815301076,1909f56bfc062723c751e8b465ee728b)
Start importing Assets/TestScripts/EditModeTests/PlayerTest.cs using Guid(840cd92f35d3da846b0fcac65ab88861) Importer(815301076,1909f56bfc062723c751e8b465ee728b)  -> (artifact id: '0604074d4b5e9ea44e93da4b4d0d7658') in 0.006380 seconds
  Import took 0.016108 seconds .

========================================================================
Received Prepare
Registering precompiled user dll's ...
Registered in 0.002194 seconds.
Begin MonoManager ReloadAssembly
Native extension for WindowsStandalone target not found
Native extension for WebGL target not found
Refreshing native plugins compatible for Editor in 0.64 ms, found 0 plugins.
Preloading 0 native plugins for Editor in 0.00 ms.
Mono: successfully reloaded assembly
- Completed reload, in  1.399 seconds
Platform modules already initialized, skipping
Shader 'Universal Render Pipeline/Particles/Lit': fallback shader 'Universal Render Pipeline/Particles/SimpleLit' not found
Refreshing native plugins compatible for Editor in 0.53 ms, found 0 plugins.
Preloading 0 native plugins for Editor in 0.00 ms.
Unloading 2859 Unused Serialized files (Serialized files now loaded: 0)
System memory in use before: 132.8 MB.
System memory in use after: 132.4 MB.

Unloading 26 unused Assets to reduce memory usage. Loaded Objects now: 3418.
Total: 2.809300 ms (FindLiveObjects: 0.292000 ms CreateObjectMapping: 0.116800 ms MarkObjects: 2.058400 ms  DeleteObjects: 0.341000 ms)

========================================================================
Received Import Request.
  Time since last request: 93.277343 seconds.
  path: Assets/TestScripts/PlayModeTests/NewBehaviourScript.cs
  artifactKey: Guid(12565b4029b58754ca04163d0dea55b2) Importer(815301076,1909f56bfc062723c751e8b465ee728b)
Start importing Assets/TestScripts/PlayModeTests/NewBehaviourScript.cs using Guid(12565b4029b58754ca04163d0dea55b2) Importer(815301076,1909f56bfc062723c751e8b465ee728b)  -> (artifact id: 'd758a1328f7e8b4c7df77b2ce76ac956') in 0.016786 seconds
  Import took 0.027770 seconds .

========================================================================
Received Prepare
Registering precompiled user dll's ...
Registered in 0.002846 seconds.
Begin MonoManager ReloadAssembly
Native extension for WindowsStandalone target not found
Native extension for WebGL target not found
Refreshing native plugins compatible for Editor in 0.57 ms, found 0 plugins.
Preloading 0 native plugins for Editor in 0.00 ms.
Mono: successfully reloaded assembly
- Completed reload, in  1.381 seconds
Platform modules already initialized, skipping
Shader 'Universal Render Pipeline/Particles/Lit': fallback shader 'Universal Render Pipeline/Particles/SimpleLit' not found
Refreshing native plugins compatible for Editor in 0.53 ms, found 0 plugins.
Preloading 0 native plugins for Editor in 0.00 ms.
Unloading 2860 Unused Serialized files (Serialized files now loaded: 0)
System memory in use before: 132.9 MB.
System memory in use after: 132.4 MB.

Unloading 26 unused Assets to reduce memory usage. Loaded Objects now: 3421.
Total: 2.899700 ms (FindLiveObjects: 0.274300 ms CreateObjectMapping: 0.157300 ms MarkObjects: 2.059500 ms  DeleteObjects: 0.407500 ms)

========================================================================
Received Import Request.
  Time since last request: 36.860374 seconds.
  path: Assets/TestScripts/PlayModeTests/PlayerStateTests.cs
  artifactKey: Guid(12565b4029b58754ca04163d0dea55b2) Importer(815301076,1909f56bfc062723c751e8b465ee728b)
Start importing Assets/TestScripts/PlayModeTests/PlayerStateTests.cs using Guid(12565b4029b58754ca04163d0dea55b2) Importer(815301076,1909f56bfc062723c751e8b465ee728b)  -> (artifact id: '420416061fb4c7019e8f283544420251') in 0.013790 seconds
  Import took 0.025083 seconds .

========================================================================
Received Prepare
Registering precompiled user dll's ...
Registered in 0.003051 seconds.
Begin MonoManager ReloadAssembly
Native extension for WindowsStandalone target not found
Native extension for WebGL target not found
Refreshing native plugins compatible for Editor in 0.60 ms, found 0 plugins.
Preloading 0 native plugins for Editor in 0.00 ms.
Mono: successfully reloaded assembly
- Completed reload, in  1.449 seconds
Platform modules already initialized, skipping
Shader 'Universal Render Pipeline/Particles/Lit': fallback shader 'Universal Render Pipeline/Particles/SimpleLit' not found
Refreshing native plugins compatible for Editor in 0.62 ms, found 0 plugins.
Preloading 0 native plugins for Editor in 0.00 ms.
Unloading 2860 Unused Serialized files (Serialized files now loaded: 0)
System memory in use before: 132.9 MB.
System memory in use after: 132.4 MB.

Unloading 26 unused Assets to reduce memory usage. Loaded Objects now: 3423.
Total: 2.895300 ms (FindLiveObjects: 0.285300 ms CreateObjectMapping: 0.147000 ms MarkObjects: 2.114400 ms  DeleteObjects: 0.347300 ms)

========================================================================
Received Import Request.
  Time since last request: 131.982886 seconds.
  path: Assets/TestScripts/PlayModeTests/PlayerStateTests.cs
  artifactKey: Guid(12565b4029b58754ca04163d0dea55b2) Importer(815301076,1909f56bfc062723c751e8b465ee728b)
Start importing Assets/TestScripts/PlayModeTests/PlayerStateTests.cs using Guid(12565b4029b58754ca04163d0dea55b2) Importer(815301076,1909f56bfc062723c751e8b465ee728b)  -> (artifact id: '0d5198d53c4415e32351eed114c5757d') in 0.008453 seconds
  Import took 0.014504 seconds .

========================================================================
Received Prepare
Registering precompiled user dll's ...
Registered in 0.002185 seconds.
Begin MonoManager ReloadAssembly
Native extension for WindowsStandalone target not found
Native extension for WebGL target not found
Refreshing native plugins compatible for Editor in 0.77 ms, found 0 plugins.
Preloading 0 native plugins for Editor in 0.00 ms.
Mono: successfully reloaded assembly
- Completed reload, in  1.277 seconds
Platform modules already initialized, skipping
Shader 'Universal Render Pipeline/Particles/Lit': fallback shader 'Universal Render Pipeline/Particles/SimpleLit' not found
Refreshing native plugins compatible for Editor in 0.62 ms, found 0 plugins.
Preloading 0 native plugins for Editor in 0.00 ms.
Unloading 2860 Unused Serialized files (Serialized files now loaded: 0)
System memory in use before: 132.9 MB.
System memory in use after: 132.4 MB.

Unloading 26 unused Assets to reduce memory usage. Loaded Objects now: 3425.
Total: 2.904300 ms (FindLiveObjects: 0.259500 ms CreateObjectMapping: 0.146900 ms MarkObjects: 2.161800 ms  DeleteObjects: 0.335100 ms)

========================================================================
Received Prepare
Registering precompiled user dll's ...
Registered in 0.002127 seconds.
Begin MonoManager ReloadAssembly
Native extension for WindowsStandalone target not found
Native extension for WebGL target not found
Refreshing native plugins compatible for Editor in 0.54 ms, found 0 plugins.
Preloading 0 native plugins for Editor in 0.00 ms.
Mono: successfully reloaded assembly
- Completed reload, in  1.422 seconds
Platform modules already initialized, skipping
Shader 'Universal Render Pipeline/Particles/Lit': fallback shader 'Universal Render Pipeline/Particles/SimpleLit' not found
Refreshing native plugins compatible for Editor in 0.53 ms, found 0 plugins.
Preloading 0 native plugins for Editor in 0.00 ms.
Unloading 2860 Unused Serialized files (Serialized files now loaded: 0)
System memory in use before: 132.9 MB.
System memory in use after: 132.4 MB.

Unloading 26 unused Assets to reduce memory usage. Loaded Objects now: 3427.
Total: 3.379400 ms (FindLiveObjects: 0.302200 ms CreateObjectMapping: 0.146900 ms MarkObjects: 2.549000 ms  DeleteObjects: 0.379900 ms)

========================================================================
Received Prepare
Registering precompiled user dll's ...
Registered in 0.002254 seconds.
Begin MonoManager ReloadAssembly
Native extension for WindowsStandalone target not found
Native extension for WebGL target not found
Refreshing native plugins compatible for Editor in 0.59 ms, found 0 plugins.
Preloading 0 native plugins for Editor in 0.00 ms.
Mono: successfully reloaded assembly
- Completed reload, in  1.312 seconds
Platform modules already initialized, skipping
Shader 'Universal Render Pipeline/Particles/Lit': fallback shader 'Universal Render Pipeline/Particles/SimpleLit' not found
Refreshing native plugins compatible for Editor in 0.57 ms, found 0 plugins.
Preloading 0 native plugins for Editor in 0.00 ms.
Unloading 2860 Unused Serialized files (Serialized files now loaded: 0)
System memory in use before: 132.9 MB.
System memory in use after: 132.4 MB.

Unloading 26 unused Assets to reduce memory usage. Loaded Objects now: 3429.
Total: 2.994300 ms (FindLiveObjects: 0.278400 ms CreateObjectMapping: 0.155100 ms MarkObjects: 2.175100 ms  DeleteObjects: 0.384600 ms)

========================================================================
Received Prepare
Registering precompiled user dll's ...
Registered in 0.003170 seconds.
Begin MonoManager ReloadAssembly
Native extension for WindowsStandalone target not found
Native extension for WebGL target not found
Refreshing native plugins compatible for Editor in 0.59 ms, found 0 plugins.
Preloading 0 native plugins for Editor in 0.00 ms.
Mono: successfully reloaded assembly
- Completed reload, in  1.296 seconds
Platform modules already initialized, skipping
Shader 'Universal Render Pipeline/Particles/Lit': fallback shader 'Universal Render Pipeline/Particles/SimpleLit' not found
Refreshing native plugins compatible for Editor in 0.52 ms, found 0 plugins.
Preloading 0 native plugins for Editor in 0.00 ms.
Unloading 2860 Unused Serialized files (Serialized files now loaded: 0)
System memory in use before: 132.9 MB.
System memory in use after: 132.4 MB.

Unloading 26 unused Assets to reduce memory usage. Loaded Objects now: 3431.
Total: 2.809500 ms (FindLiveObjects: 0.265800 ms CreateObjectMapping: 0.143000 ms MarkObjects: 2.065900 ms  DeleteObjects: 0.333800 ms)

========================================================================
Received Prepare
Registering precompiled user dll's ...
Registered in 0.002555 seconds.
Begin MonoManager ReloadAssembly
Native extension for WindowsStandalone target not found
Native extension for WebGL target not found
Refreshing native plugins compatible for Editor in 0.52 ms, found 0 plugins.
Preloading 0 native plugins for Editor in 0.00 ms.
Mono: successfully reloaded assembly
- Completed reload, in  1.278 seconds
Platform modules already initialized, skipping
Shader 'Universal Render Pipeline/Particles/Lit': fallback shader 'Universal Render Pipeline/Particles/SimpleLit' not found
Refreshing native plugins compatible for Editor in 0.53 ms, found 0 plugins.
Preloading 0 native plugins for Editor in 0.00 ms.
Unloading 2860 Unused Serialized files (Serialized files now loaded: 0)
System memory in use before: 132.9 MB.
System memory in use after: 132.4 MB.

Unloading 26 unused Assets to reduce memory usage. Loaded Objects now: 3433.
Total: 2.980400 ms (FindLiveObjects: 0.264800 ms CreateObjectMapping: 0.143900 ms MarkObjects: 2.160800 ms  DeleteObjects: 0.409500 ms)

========================================================================
Received Prepare
Registering precompiled user dll's ...
Registered in 0.002221 seconds.
Begin MonoManager ReloadAssembly
Native extension for WindowsStandalone target not found
Native extension for WebGL target not found
Refreshing native plugins compatible for Editor in 0.72 ms, found 0 plugins.
Preloading 0 native plugins for Editor in 0.00 ms.
Mono: successfully reloaded assembly
- Completed reload, in  1.258 seconds
Platform modules already initialized, skipping
Shader 'Universal Render Pipeline/Particles/Lit': fallback shader 'Universal Render Pipeline/Particles/SimpleLit' not found
Refreshing native plugins compatible for Editor in 0.53 ms, found 0 plugins.
Preloading 0 native plugins for Editor in 0.00 ms.
Unloading 2860 Unused Serialized files (Serialized files now loaded: 0)
System memory in use before: 132.9 MB.
System memory in use after: 132.4 MB.

Unloading 26 unused Assets to reduce memory usage. Loaded Objects now: 3435.
Total: 3.002200 ms (FindLiveObjects: 0.267700 ms CreateObjectMapping: 0.148600 ms MarkObjects: 2.233300 ms  DeleteObjects: 0.351500 ms)

========================================================================
Received Prepare
Registering precompiled user dll's ...
Registered in 0.002343 seconds.
Begin MonoManager ReloadAssembly
Native extension for WindowsStandalone target not found
Native extension for WebGL target not found
Refreshing native plugins compatible for Editor in 0.60 ms, found 0 plugins.
Preloading 0 native plugins for Editor in 0.00 ms.
Mono: successfully reloaded assembly
- Completed reload, in  1.252 seconds
Platform modules already initialized, skipping
Shader 'Universal Render Pipeline/Particles/Lit': fallback shader 'Universal Render Pipeline/Particles/SimpleLit' not found
Refreshing native plugins compatible for Editor in 0.55 ms, found 0 plugins.
Preloading 0 native plugins for Editor in 0.00 ms.
Unloading 2860 Unused Serialized files (Serialized files now loaded: 0)
System memory in use before: 132.9 MB.
System memory in use after: 132.4 MB.

Unloading 26 unused Assets to reduce memory usage. Loaded Objects now: 3437.
Total: 3.169000 ms (FindLiveObjects: 0.362100 ms CreateObjectMapping: 0.166500 ms MarkObjects: 2.262400 ms  DeleteObjects: 0.376700 ms)

========================================================================
Received Prepare
Registering precompiled user dll's ...
Registered in 0.002006 seconds.
Begin MonoManager ReloadAssembly
Native extension for WindowsStandalone target not found
Native extension for WebGL target not found
Refreshing native plugins compatible for Editor in 0.61 ms, found 0 plugins.
Preloading 0 native plugins for Editor in 0.00 ms.
Mono: successfully reloaded assembly
- Completed reload, in  1.234 seconds
Platform modules already initialized, skipping
Shader 'Universal Render Pipeline/Particles/Lit': fallback shader 'Universal Render Pipeline/Particles/SimpleLit' not found
Refreshing native plugins compatible for Editor in 0.61 ms, found 0 plugins.
Preloading 0 native plugins for Editor in 0.00 ms.
Unloading 2860 Unused Serialized files (Serialized files now loaded: 0)
System memory in use before: 132.9 MB.
System memory in use after: 132.5 MB.

Unloading 26 unused Assets to reduce memory usage. Loaded Objects now: 3439.
Total: 3.326500 ms (FindLiveObjects: 0.303800 ms CreateObjectMapping: 0.153700 ms MarkObjects: 2.502700 ms  DeleteObjects: 0.365200 ms)

========================================================================
Received Prepare
Registering precompiled user dll's ...
Registered in 0.003314 seconds.
Begin MonoManager ReloadAssembly
Native extension for WindowsStandalone target not found
Native extension for WebGL target not found
Refreshing native plugins compatible for Editor in 0.58 ms, found 0 plugins.
Preloading 0 native plugins for Editor in 0.00 ms.
Mono: successfully reloaded assembly
- Completed reload, in  1.273 seconds
Platform modules already initialized, skipping
Shader 'Universal Render Pipeline/Particles/Lit': fallback shader 'Universal Render Pipeline/Particles/SimpleLit' not found
Refreshing native plugins compatible for Editor in 0.53 ms, found 0 plugins.
Preloading 0 native plugins for Editor in 0.00 ms.
Unloading 2860 Unused Serialized files (Serialized files now loaded: 0)
System memory in use before: 132.9 MB.
System memory in use after: 132.5 MB.

Unloading 26 unused Assets to reduce memory usage. Loaded Objects now: 3441.
Total: 2.977900 ms (FindLiveObjects: 0.251300 ms CreateObjectMapping: 0.126900 ms MarkObjects: 2.237300 ms  DeleteObjects: 0.361200 ms)

========================================================================
Received Prepare
Registering precompiled user dll's ...
Registered in 0.002311 seconds.
Begin MonoManager ReloadAssembly
Native extension for WindowsStandalone target not found
Native extension for WebGL target not found
Refreshing native plugins compatible for Editor in 0.61 ms, found 0 plugins.
Preloading 0 native plugins for Editor in 0.00 ms.
Mono: successfully reloaded assembly
- Completed reload, in  1.267 seconds
Platform modules already initialized, skipping
Shader 'Universal Render Pipeline/Particles/Lit': fallback shader 'Universal Render Pipeline/Particles/SimpleLit' not found
Refreshing native plugins compatible for Editor in 0.54 ms, found 0 plugins.
Preloading 0 native plugins for Editor in 0.00 ms.
Unloading 2860 Unused Serialized files (Serialized files now loaded: 0)
System memory in use before: 132.9 MB.
System memory in use after: 132.5 MB.

Unloading 26 unused Assets to reduce memory usage. Loaded Objects now: 3443.
Total: 2.860000 ms (FindLiveObjects: 0.276200 ms CreateObjectMapping: 0.159000 ms MarkObjects: 2.077100 ms  DeleteObjects: 0.346300 ms)

========================================================================
Received Prepare
Registering precompiled user dll's ...
Registered in 0.002235 seconds.
Begin MonoManager ReloadAssembly
Native extension for WindowsStandalone target not found
Native extension for WebGL target not found
Refreshing native plugins compatible for Editor in 0.59 ms, found 0 plugins.
Preloading 0 native plugins for Editor in 0.00 ms.
Mono: successfully reloaded assembly
- Completed reload, in  1.245 seconds
Platform modules already initialized, skipping
Shader 'Universal Render Pipeline/Particles/Lit': fallback shader 'Universal Render Pipeline/Particles/SimpleLit' not found
Refreshing native plugins compatible for Editor in 0.59 ms, found 0 plugins.
Preloading 0 native plugins for Editor in 0.00 ms.
Unloading 2860 Unused Serialized files (Serialized files now loaded: 0)
System memory in use before: 132.9 MB.
System memory in use after: 132.5 MB.

Unloading 26 unused Assets to reduce memory usage. Loaded Objects now: 3445.
Total: 2.873700 ms (FindLiveObjects: 0.279700 ms CreateObjectMapping: 0.154500 ms MarkObjects: 2.102600 ms  DeleteObjects: 0.335700 ms)

========================================================================
Received Prepare
Registering precompiled user dll's ...
Registered in 0.002024 seconds.
Begin MonoManager ReloadAssembly
Native extension for WindowsStandalone target not found
Native extension for WebGL target not found
Refreshing native plugins compatible for Editor in 0.71 ms, found 0 plugins.
Preloading 0 native plugins for Editor in 0.00 ms.
Mono: successfully reloaded assembly
- Completed reload, in  1.287 seconds
Platform modules already initialized, skipping
Shader 'Universal Render Pipeline/Particles/Lit': fallback shader 'Universal Render Pipeline/Particles/SimpleLit' not found
Refreshing native plugins compatible for Editor in 0.63 ms, found 0 plugins.
Preloading 0 native plugins for Editor in 0.00 ms.
Unloading 2860 Unused Serialized files (Serialized files now loaded: 0)
System memory in use before: 132.9 MB.
System memory in use after: 132.5 MB.

Unloading 26 unused Assets to reduce memory usage. Loaded Objects now: 3447.
Total: 3.110600 ms (FindLiveObjects: 0.270900 ms CreateObjectMapping: 0.150400 ms MarkObjects: 2.326300 ms  DeleteObjects: 0.361900 ms)

========================================================================
Received Prepare
Registering precompiled user dll's ...
Registered in 0.002446 seconds.
Begin MonoManager ReloadAssembly
Native extension for WindowsStandalone target not found
Native extension for WebGL target not found
Refreshing native plugins compatible for Editor in 0.59 ms, found 0 plugins.
Preloading 0 native plugins for Editor in 0.00 ms.
Mono: successfully reloaded assembly
- Completed reload, in  1.282 seconds
Platform modules already initialized, skipping
Shader 'Universal Render Pipeline/Particles/Lit': fallback shader 'Universal Render Pipeline/Particles/SimpleLit' not found
Refreshing native plugins compatible for Editor in 0.55 ms, found 0 plugins.
Preloading 0 native plugins for Editor in 0.00 ms.
Unloading 2860 Unused Serialized files (Serialized files now loaded: 0)
System memory in use before: 133.0 MB.
System memory in use after: 132.5 MB.

Unloading 26 unused Assets to reduce memory usage. Loaded Objects now: 3449.
Total: 2.926300 ms (FindLiveObjects: 0.265500 ms CreateObjectMapping: 0.140700 ms MarkObjects: 2.135000 ms  DeleteObjects: 0.384000 ms)

========================================================================
Received Prepare
Registering precompiled user dll's ...
Registered in 0.002218 seconds.
Begin MonoManager ReloadAssembly
Native extension for WindowsStandalone target not found
Native extension for WebGL target not found
Refreshing native plugins compatible for Editor in 0.61 ms, found 0 plugins.
Preloading 0 native plugins for Editor in 0.00 ms.
Mono: successfully reloaded assembly
- Completed reload, in  1.303 seconds
Platform modules already initialized, skipping
Shader 'Universal Render Pipeline/Particles/Lit': fallback shader 'Universal Render Pipeline/Particles/SimpleLit' not found
Refreshing native plugins compatible for Editor in 0.53 ms, found 0 plugins.
Preloading 0 native plugins for Editor in 0.00 ms.
Unloading 2860 Unused Serialized files (Serialized files now loaded: 0)
System memory in use before: 133.0 MB.
System memory in use after: 132.5 MB.

Unloading 26 unused Assets to reduce memory usage. Loaded Objects now: 3451.
Total: 2.895200 ms (FindLiveObjects: 0.285200 ms CreateObjectMapping: 0.169100 ms MarkObjects: 2.094600 ms  DeleteObjects: 0.345200 ms)

========================================================================
Received Prepare
Registering precompiled user dll's ...
Registered in 0.002095 seconds.
Begin MonoManager ReloadAssembly
Native extension for WindowsStandalone target not found
Native extension for WebGL target not found
Refreshing native plugins compatible for Editor in 0.60 ms, found 0 plugins.
Preloading 0 native plugins for Editor in 0.00 ms.
Mono: successfully reloaded assembly
- Completed reload, in  1.386 seconds
Platform modules already initialized, skipping
Shader 'Universal Render Pipeline/Particles/Lit': fallback shader 'Universal Render Pipeline/Particles/SimpleLit' not found
Refreshing native plugins compatible for Editor in 0.86 ms, found 0 plugins.
Preloading 0 native plugins for Editor in 0.00 ms.
Unloading 2860 Unused Serialized files (Serialized files now loaded: 0)
System memory in use before: 133.0 MB.
System memory in use after: 132.5 MB.

Unloading 26 unused Assets to reduce memory usage. Loaded Objects now: 3453.
Total: 3.049300 ms (FindLiveObjects: 0.283600 ms CreateObjectMapping: 0.167700 ms MarkObjects: 2.234500 ms  DeleteObjects: 0.362300 ms)

========================================================================
Received Prepare
Registering precompiled user dll's ...
Registered in 0.001921 seconds.
Begin MonoManager ReloadAssembly
Native extension for WindowsStandalone target not found
Native extension for WebGL target not found
Refreshing native plugins compatible for Editor in 0.59 ms, found 0 plugins.
Preloading 0 native plugins for Editor in 0.00 ms.
Mono: successfully reloaded assembly
- Completed reload, in  1.137 seconds
Platform modules already initialized, skipping
Shader 'Universal Render Pipeline/Particles/Lit': fallback shader 'Universal Render Pipeline/Particles/SimpleLit' not found
Refreshing native plugins compatible for Editor in 0.59 ms, found 0 plugins.
Preloading 0 native plugins for Editor in 0.00 ms.
Unloading 2860 Unused Serialized files (Serialized files now loaded: 0)
System memory in use before: 133.0 MB.
System memory in use after: 132.5 MB.

Unloading 26 unused Assets to reduce memory usage. Loaded Objects now: 3455.
Total: 2.990500 ms (FindLiveObjects: 0.256300 ms CreateObjectMapping: 0.136300 ms MarkObjects: 2.236300 ms  DeleteObjects: 0.360600 ms)

========================================================================
Received Prepare
Registering precompiled user dll's ...
Registered in 0.002382 seconds.
Begin MonoManager ReloadAssembly
Native extension for WindowsStandalone target not found
Native extension for WebGL target not found
Refreshing native plugins compatible for Editor in 0.59 ms, found 0 plugins.
Preloading 0 native plugins for Editor in 0.00 ms.
Mono: successfully reloaded assembly
- Completed reload, in  1.296 seconds
Platform modules already initialized, skipping
Shader 'Universal Render Pipeline/Particles/Lit': fallback shader 'Universal Render Pipeline/Particles/SimpleLit' not found
Refreshing native plugins compatible for Editor in 0.61 ms, found 0 plugins.
Preloading 0 native plugins for Editor in 0.00 ms.
Unloading 2860 Unused Serialized files (Serialized files now loaded: 0)
System memory in use before: 133.0 MB.
System memory in use after: 132.5 MB.

Unloading 26 unused Assets to reduce memory usage. Loaded Objects now: 3457.
Total: 2.956800 ms (FindLiveObjects: 0.293100 ms CreateObjectMapping: 0.167100 ms MarkObjects: 2.140900 ms  DeleteObjects: 0.354600 ms)

AssetImportWorkerClient::OnTransportError - code=2 error=End of file
